<?xml version="1.0" encoding="UTF-8"?>
<!-- Generated by org.testng.reporters.JUnitReportReporter -->
<testsuite hostname="DESKTOP-E17D1G2" failures="0" tests="1" name="StepDefinition.LoginSteps" time="0.036" errors="0" timestamp="2022-12-09T18:49:34 IST" skipped="0">
  <testcase classname="StepDefinition.LoginSteps" name="user_launch_chrome_browser" time="0.036"/>
  <system-out/>
</testsuite> <!-- StepDefinition.LoginSteps -->
